<?xml version="1.0" encoding="UTF-8"?>
<!-- Generated by org.testng.reporters.JUnitXMLReporter -->
<testsuite hostname="Laptop-PR-16" ignored="0" name="Test" tests="5" failures="0" timestamp="10 Nov 2023 11:15:50 GMT" time="169.023" errors="0">
  <testcase name="user_login_to_the_app" time="25.52" classname="org.test.testclass.LaunchStep"/>
  <testcase name="user_login_to_the_app" time="39.664" classname="org.test.testclass.LoginSteps"/>
  <testcase name="user_login_to_the_app_with_invalid_credentials" time="28.559" classname="org.test.testclass.LoginSteps"/>
  <testcase name="user_login_to_the_app_without_credentials" time="27.102" classname="org.test.testclass.LoginSteps"/>
  <testcase name="user_login_to_the_app" time="48.128" classname="org.test.testclass.LogoutStep"/>
</testsuite> <!-- Test -->
