<?xml version="1.0" encoding="UTF-8"?>
<!-- Generated by org.testng.reporters.JUnitXMLReporter -->
<testsuite hostname="Laptop-PR-16" ignored="0" name="Test" tests="5" failures="0" timestamp="08 Nov 2023 13:08:52 GMT" time="202.248" errors="0">
  <testcase name="user_login_to_the_app" time="32.009" classname="org.test.testclass.LaunchStep"/>
  <testcase name="user_login_to_the_app" time="44.841" classname="org.test.testclass.Valid_LoginStep"/>
  <testcase name="user_login_to_the_app" time="38.81" classname="org.test.testclass.Invalid_LoginStep"/>
  <testcase name="user_login_to_the_app" time="32.6" classname="org.test.testclass.EmptyField_LoginStep"/>
  <testcase name="user_login_to_the_app" time="53.954" classname="org.test.testclass.LogoutStep"/>
</testsuite> <!-- Test -->
