<?xml version="1.0" encoding="UTF-8"?>
<!-- Generated by org.testng.reporters.JUnitXMLReporter -->
<testsuite hostname="Laptop-PR-16" ignored="0" name="Test" tests="3" failures="0" timestamp="26 Oct 2023 09:22:28 GMT" time="48.118" errors="0">
  <testcase name="user_login_to_the_app" time="37.6" classname="org.test.testclass.Login"/>
  <testcase name="User_creates_slots" time="3.56" classname="org.test.testclass.Createslot"/>
  <testcase name="User_delete_the_slot" time="6.887" classname="org.test.testclass.Createslot"/>
</testsuite> <!-- Test -->
